2026-02-22T17:36:25.020+0800	[34mINFO[0m	runtime/proc.go:283	Starting application...
2026-02-22T17:36:25.020+0800	[34mINFO[0m	runtime/proc.go:283	Connecting to PostgreSQL database...
2026-02-22T17:36:25.084+0800	[34mINFO[0m	runtime/proc.go:283	Database connected successfully	{"database": "School-manajement"}
2026-02-22T17:36:25.084+0800	[34mINFO[0m	runtime/asm_amd64.s:1700	Starting server	{"port": ":8080"}
2026-02-22T17:36:30.593+0800	[34mINFO[0m	runtime/proc.go:283	Shutting down server...
2026-02-22T17:36:30.594+0800	[31mERROR[0m	runtime/asm_amd64.s:1700	Server error	{"error": "http: Server closed"}
2026-02-22T17:36:30.594+0800	[34mINFO[0m	runtime/proc.go:283	Server exited properly
2026-02-22T17:36:30.594+0800	[34mINFO[0m	cmd/main.go:108	Closing database connection...
2026-02-22T17:38:49.123+0800	[34mINFO[0m	runtime/proc.go:283	Starting application...
2026-02-22T17:38:49.124+0800	[34mINFO[0m	runtime/proc.go:283	Connecting to PostgreSQL database...
2026-02-22T17:38:49.143+0800	[34mINFO[0m	runtime/proc.go:283	Database connected successfully	{"database": "School-manajement"}
2026-02-22T17:38:49.145+0800	[34mINFO[0m	runtime/asm_amd64.s:1700	Starting server	{"port": ":8080"}
2026-02-22T17:38:58.329+0800	[34mINFO[0m	runtime/proc.go:283	Shutting down server...
2026-02-22T17:38:58.330+0800	[31mERROR[0m	runtime/asm_amd64.s:1700	Server error	{"error": "http: Server closed"}
2026-02-22T17:38:58.330+0800	[34mINFO[0m	runtime/proc.go:283	Server exited properly
2026-02-22T17:38:58.330+0800	[34mINFO[0m	cmd/main.go:108	Closing database connection...
2026-02-22T20:04:31.411+0800	[34mINFO[0m	runtime/proc.go:283	Starting application...
2026-02-22T20:04:31.412+0800	[34mINFO[0m	runtime/proc.go:283	Connecting to PostgreSQL database...
2026-02-22T20:04:31.454+0800	[34mINFO[0m	runtime/proc.go:283	Database connected successfully	{"database": "School-manajement"}
2026-02-22T20:04:31.455+0800	[34mINFO[0m	runtime/asm_amd64.s:1700	Starting server	{"port": ":8080"}
2026-02-23T17:53:03.291+0800	[34mINFO[0m	runtime/proc.go:283	Starting application...
2026-02-23T17:53:03.292+0800	[34mINFO[0m	runtime/proc.go:283	Connecting to PostgreSQL database...
2026-02-23T17:53:03.308+0800	[34mINFO[0m	runtime/proc.go:283	Database connected successfully	{"database": "School-manajement"}
2026-02-23T17:53:03.309+0800	[34mINFO[0m	runtime/asm_amd64.s:1700	Starting server	{"port": ":8080"}
2026-02-23T17:56:03.972+0800	[34mINFO[0m	runtime/proc.go:283	Shutting down server...
2026-02-23T17:56:03.975+0800	[31mERROR[0m	runtime/asm_amd64.s:1700	Server error	{"error": "http: Server closed"}
2026-02-23T17:56:03.975+0800	[34mINFO[0m	runtime/proc.go:283	Server exited properly
2026-02-23T17:56:03.975+0800	[34mINFO[0m	cmd/main.go:108	Closing database connection...
2026-02-23T17:56:10.871+0800	[34mINFO[0m	runtime/proc.go:283	Starting application...
2026-02-23T17:56:10.872+0800	[34mINFO[0m	runtime/proc.go:283	Connecting to PostgreSQL database...
2026-02-23T17:56:10.889+0800	[34mINFO[0m	runtime/proc.go:283	Database connected successfully	{"database": "School-manajement"}
2026-02-23T17:56:10.890+0800	[34mINFO[0m	runtime/asm_amd64.s:1700	Starting server	{"port": ":8080"}
2026-02-23T17:59:16.239+0800	[34mINFO[0m	runtime/proc.go:283	Shutting down server...
2026-02-23T17:59:16.240+0800	[31mERROR[0m	runtime/asm_amd64.s:1700	Server error	{"error": "http: Server closed"}
2026-02-23T17:59:16.240+0800	[34mINFO[0m	runtime/proc.go:283	Server exited properly
2026-02-23T17:59:16.240+0800	[34mINFO[0m	cmd/main.go:108	Closing database connection...
2026-02-23T18:00:59.355+0800	[34mINFO[0m	runtime/proc.go:283	Starting application...
2026-02-23T18:00:59.355+0800	[34mINFO[0m	runtime/proc.go:283	Connecting to PostgreSQL database...
2026-02-23T18:00:59.370+0800	[34mINFO[0m	runtime/proc.go:283	Database connected successfully	{"database": "School-manajement"}
2026-02-23T18:00:59.371+0800	[34mINFO[0m	runtime/asm_amd64.s:1700	Starting server	{"port": ":8080"}
2026-02-23T18:03:24.733+0800	[34mINFO[0m	runtime/proc.go:283	Shutting down server...
2026-02-23T18:03:24.749+0800	[34mINFO[0m	runtime/proc.go:283	Server exited properly
2026-02-23T18:03:24.749+0800	[34mINFO[0m	cmd/main.go:108	Closing database connection...
2026-02-23T18:03:24.749+0800	[31mERROR[0m	runtime/asm_amd64.s:1700	Server error	{"error": "http: Server closed"}
2026-02-23T18:03:27.364+0800	[34mINFO[0m	runtime/proc.go:283	Starting application...
2026-02-23T18:03:27.369+0800	[34mINFO[0m	runtime/proc.go:283	Connecting to PostgreSQL database...
2026-02-23T18:03:27.385+0800	[34mINFO[0m	runtime/proc.go:283	Database connected successfully	{"database": "School-manajement"}
2026-02-23T18:03:27.385+0800	[34mINFO[0m	runtime/asm_amd64.s:1700	Starting server	{"port": ":8080"}
2026-02-23T18:08:37.026+0800	[34mINFO[0m	runtime/proc.go:283	Shutting down server...
2026-02-23T18:08:37.027+0800	[31mERROR[0m	runtime/asm_amd64.s:1700	Server error	{"error": "http: Server closed"}
2026-02-23T18:08:37.027+0800	[34mINFO[0m	runtime/proc.go:283	Server exited properly
2026-02-23T18:08:37.027+0800	[34mINFO[0m	cmd/main.go:108	Closing database connection...
2026-02-23T18:08:46.919+0800	[34mINFO[0m	runtime/proc.go:283	Starting application...
2026-02-23T18:08:46.920+0800	[34mINFO[0m	runtime/proc.go:283	Connecting to PostgreSQL database...
2026-02-23T18:08:46.985+0800	[34mINFO[0m	runtime/proc.go:283	Database connected successfully	{"database": "School-manajement"}
2026-02-23T18:08:46.985+0800	[34mINFO[0m	runtime/asm_amd64.s:1700	Starting server	{"port": ":8080"}
2026-02-23T18:11:18.632+0800	[34mINFO[0m	runtime/proc.go:283	Shutting down server...
2026-02-23T18:11:18.632+0800	[31mERROR[0m	runtime/asm_amd64.s:1700	Server error	{"error": "http: Server closed"}
2026-02-23T18:11:18.632+0800	[34mINFO[0m	runtime/proc.go:283	Server exited properly
2026-02-23T18:11:18.632+0800	[34mINFO[0m	cmd/main.go:108	Closing database connection...
2026-02-23T18:11:26.286+0800	[34mINFO[0m	runtime/proc.go:283	Starting application...
2026-02-23T18:11:26.286+0800	[34mINFO[0m	runtime/proc.go:283	Connecting to PostgreSQL database...
2026-02-23T18:11:26.302+0800	[34mINFO[0m	runtime/proc.go:283	Database connected successfully	{"database": "School-manajement"}
2026-02-23T18:11:26.303+0800	[34mINFO[0m	runtime/asm_amd64.s:1700	Starting server	{"port": ":8080"}
2026-02-23T18:12:12.096+0800	[34mINFO[0m	runtime/proc.go:283	Shutting down server...
2026-02-23T18:12:12.096+0800	[31mERROR[0m	runtime/asm_amd64.s:1700	Server error	{"error": "http: Server closed"}
2026-02-23T18:12:12.096+0800	[34mINFO[0m	runtime/proc.go:283	Server exited properly
2026-02-23T18:12:12.097+0800	[34mINFO[0m	cmd/main.go:108	Closing database connection...
2026-02-23T18:13:37.763+0800	[34mINFO[0m	runtime/proc.go:283	Starting application...
2026-02-23T18:13:37.763+0800	[34mINFO[0m	runtime/proc.go:283	Connecting to PostgreSQL database...
2026-02-23T18:13:37.778+0800	[34mINFO[0m	runtime/proc.go:283	Database connected successfully	{"database": "School-manajement"}
2026-02-23T18:13:37.778+0800	[34mINFO[0m	runtime/asm_amd64.s:1700	Starting server	{"port": ":8080"}
2026-02-23T18:16:23.543+0800	[34mINFO[0m	runtime/proc.go:283	Shutting down server...
2026-02-23T18:16:23.544+0800	[31mERROR[0m	runtime/asm_amd64.s:1700	Server error	{"error": "http: Server closed"}
2026-02-23T18:16:23.544+0800	[34mINFO[0m	runtime/proc.go:283	Server exited properly
2026-02-23T18:16:23.544+0800	[34mINFO[0m	cmd/main.go:108	Closing database connection...
2026-02-23T18:17:18.185+0800	[34mINFO[0m	runtime/proc.go:283	Starting application...
2026-02-23T18:17:18.186+0800	[34mINFO[0m	runtime/proc.go:283	Connecting to PostgreSQL database...
2026-02-23T18:17:18.220+0800	[34mINFO[0m	runtime/proc.go:283	Database connected successfully	{"database": "School-manajement"}
2026-02-23T18:17:18.221+0800	[34mINFO[0m	runtime/asm_amd64.s:1700	Starting server	{"port": ":8080"}
2026-02-23T18:18:19.860+0800	[34mINFO[0m	runtime/proc.go:283	Shutting down server...
2026-02-23T18:18:19.860+0800	[31mERROR[0m	runtime/asm_amd64.s:1700	Server error	{"error": "http: Server closed"}
2026-02-23T18:18:19.860+0800	[34mINFO[0m	runtime/proc.go:283	Server exited properly
2026-02-23T18:18:19.860+0800	[34mINFO[0m	cmd/main.go:108	Closing database connection...
2026-02-23T18:18:44.488+0800	[34mINFO[0m	runtime/proc.go:283	Starting application...
2026-02-23T18:18:44.488+0800	[34mINFO[0m	runtime/proc.go:283	Connecting to PostgreSQL database...
2026-02-23T18:18:44.503+0800	[34mINFO[0m	runtime/proc.go:283	Database connected successfully	{"database": "School-manajement"}
2026-02-23T18:18:44.503+0800	[34mINFO[0m	runtime/asm_amd64.s:1700	Starting server	{"port": ":8080"}
2026-02-23T18:19:01.932+0800	[34mINFO[0m	runtime/proc.go:283	Shutting down server...
2026-02-23T18:19:01.932+0800	[31mERROR[0m	runtime/asm_amd64.s:1700	Server error	{"error": "http: Server closed"}
2026-02-23T18:19:01.932+0800	[34mINFO[0m	runtime/proc.go:283	Server exited properly
2026-02-23T18:19:01.932+0800	[34mINFO[0m	cmd/main.go:108	Closing database connection...
2026-02-23T18:20:05.934+0800	[34mINFO[0m	runtime/proc.go:283	Starting application...
2026-02-23T18:20:05.936+0800	[34mINFO[0m	runtime/proc.go:283	Connecting to PostgreSQL database...
2026-02-23T18:20:05.959+0800	[34mINFO[0m	runtime/proc.go:283	Database connected successfully	{"database": "School-manajement"}
2026-02-23T18:20:05.961+0800	[34mINFO[0m	runtime/asm_amd64.s:1700	Starting server	{"port": ":8080"}
2026-02-23T18:23:46.225+0800	[34mINFO[0m	runtime/proc.go:283	Shutting down server...
2026-02-23T18:23:46.226+0800	[31mERROR[0m	runtime/asm_amd64.s:1700	Server error	{"error": "http: Server closed"}
2026-02-23T18:23:46.226+0800	[34mINFO[0m	runtime/proc.go:283	Server exited properly
2026-02-23T18:23:46.226+0800	[34mINFO[0m	cmd/main.go:108	Closing database connection...
2026-02-23T18:24:52.493+0800	[34mINFO[0m	runtime/proc.go:283	Starting application...
2026-02-23T18:24:52.493+0800	[34mINFO[0m	runtime/proc.go:283	Connecting to PostgreSQL database...
2026-02-23T18:24:52.522+0800	[34mINFO[0m	runtime/proc.go:283	Database connected successfully	{"database": "School-manajement"}
2026-02-23T18:24:52.522+0800	[34mINFO[0m	runtime/asm_amd64.s:1700	Starting server	{"port": ":8080"}
2026-02-23T18:27:24.077+0800	[34mINFO[0m	runtime/proc.go:283	Shutting down server...
2026-02-23T18:27:24.077+0800	[31mERROR[0m	runtime/asm_amd64.s:1700	Server error	{"error": "http: Server closed"}
2026-02-23T18:27:24.078+0800	[34mINFO[0m	runtime/proc.go:283	Server exited properly
2026-02-23T18:27:24.078+0800	[34mINFO[0m	cmd/main.go:108	Closing database connection...
2026-02-23T18:27:52.009+0800	[34mINFO[0m	runtime/proc.go:283	Starting application...
2026-02-23T18:27:52.010+0800	[34mINFO[0m	runtime/proc.go:283	Connecting to PostgreSQL database...
2026-02-23T18:27:52.021+0800	[34mINFO[0m	runtime/proc.go:283	Database connected successfully	{"database": "School-manajement"}
2026-02-23T18:27:52.021+0800	[34mINFO[0m	runtime/asm_amd64.s:1700	Starting server	{"port": ":8080"}
2026-02-23T18:27:55.738+0800	[34mINFO[0m	http/server.go:2294	HTTP Request completed	{"method": "POST", "path": "/api/v1/register", "ip": "[::1]:57696", "status": 201, "duration": 0.189195438}
2026-02-23T19:28:07.114+0800	[31mERROR[0m	http/server.go:2294	Failed to generate the jwt !	{"request_id": "ca5e2d4e-3166-47c0-a26d-93b3d43407b3", "client_ip": "[::1]:46992"}
2026-02-23T19:28:07.115+0800	[34mINFO[0m	http/server.go:2294	HTTP Request completed	{"method": "POST", "path": "/api/v1/login", "ip": "[::1]:46992", "status": 400, "duration": 0.115056774}
2026-02-23T19:31:47.695+0800	[34mINFO[0m	runtime/proc.go:283	Shutting down server...
2026-02-23T19:31:47.695+0800	[31mERROR[0m	runtime/asm_amd64.s:1700	Server error	{"error": "http: Server closed"}
2026-02-23T19:31:47.695+0800	[34mINFO[0m	runtime/proc.go:283	Server exited properly
2026-02-23T19:31:47.695+0800	[34mINFO[0m	cmd/main.go:108	Closing database connection...
2026-02-23T19:31:51.650+0800	[34mINFO[0m	runtime/proc.go:283	Starting application...
2026-02-23T19:31:51.650+0800	[34mINFO[0m	runtime/proc.go:283	Connecting to PostgreSQL database...
2026-02-23T19:31:51.660+0800	[34mINFO[0m	runtime/proc.go:283	Database connected successfully	{"database": "School-manajement"}
2026-02-23T19:31:51.661+0800	[34mINFO[0m	runtime/asm_amd64.s:1700	Starting server	{"port": ":8080"}
2026-02-23T19:31:55.714+0800	[34mINFO[0m	http/server.go:2294	HTTP Request completed	{"method": "POST", "path": "/api/v1/login", "ip": "[::1]:45830", "status": 200, "duration": 0.10827485}
2026-02-23T19:35:34.930+0800	[34mINFO[0m	runtime/proc.go:283	Shutting down server...
2026-02-23T19:35:34.931+0800	[31mERROR[0m	runtime/asm_amd64.s:1700	Server error	{"error": "http: Server closed"}
2026-02-23T19:35:34.931+0800	[34mINFO[0m	runtime/proc.go:283	Server exited properly
2026-02-23T19:35:34.931+0800	[34mINFO[0m	cmd/main.go:108	Closing database connection...
2026-02-23T19:35:44.892+0800	[34mINFO[0m	runtime/proc.go:283	Starting application...
2026-02-23T19:35:44.893+0800	[34mINFO[0m	runtime/proc.go:283	Connecting to PostgreSQL database...
2026-02-23T19:35:44.910+0800	[34mINFO[0m	runtime/proc.go:283	Database connected successfully	{"database": "School-manajement"}
2026-02-23T19:35:44.910+0800	[34mINFO[0m	runtime/asm_amd64.s:1700	Starting server	{"port": ":8080"}
2026-02-23T19:53:29.648+0800	[34mINFO[0m	runtime/proc.go:283	Shutting down server...
2026-02-23T19:53:29.660+0800	[34mINFO[0m	runtime/proc.go:283	Server exited properly
2026-02-23T19:53:29.662+0800	[34mINFO[0m	cmd/main.go:108	Closing database connection...
2026-02-23T19:53:29.660+0800	[31mERROR[0m	runtime/asm_amd64.s:1700	Server error	{"error": "http: Server closed"}
2026-02-23T19:53:34.638+0800	[34mINFO[0m	runtime/proc.go:283	Starting application...
2026-02-23T19:53:34.644+0800	[34mINFO[0m	runtime/proc.go:283	Connecting to PostgreSQL database...
2026-02-23T19:53:34.657+0800	[34mINFO[0m	runtime/proc.go:283	Database connected successfully	{"database": "School-manajement"}
2026-02-23T19:53:34.658+0800	[34mINFO[0m	runtime/asm_amd64.s:1700	Starting server	{"port": ":8080"}
2026-02-23T19:54:39.444+0800	[33mWARN[0m	http/server.go:2294	Token validation failed	{"request_id": "9288202b-a973-48a0-a544-05b579e33173", "client_ip": "[::1]:44358", "error": "token signature is invalid: signature is invalid"}
2026-02-23T19:54:39.444+0800	[34mINFO[0m	http/server.go:2294	HTTP Request completed	{"method": "POST", "path": "/api/v1/student/register", "ip": "[::1]:44358", "status": 400, "duration": 0.000532177}
2026-02-23T19:57:02.586+0800	[34mINFO[0m	runtime/proc.go:283	Shutting down server...
2026-02-23T19:57:02.587+0800	[31mERROR[0m	runtime/asm_amd64.s:1700	Server error	{"error": "http: Server closed"}
2026-02-23T19:57:02.587+0800	[34mINFO[0m	runtime/proc.go:283	Server exited properly
2026-02-23T19:57:02.587+0800	[34mINFO[0m	cmd/main.go:108	Closing database connection...
2026-02-23T19:57:07.121+0800	[34mINFO[0m	runtime/proc.go:283	Starting application...
2026-02-23T19:57:07.122+0800	[34mINFO[0m	runtime/proc.go:283	Connecting to PostgreSQL database...
2026-02-23T19:57:07.136+0800	[34mINFO[0m	runtime/proc.go:283	Database connected successfully	{"database": "School-manajement"}
2026-02-23T19:57:07.136+0800	[34mINFO[0m	runtime/asm_amd64.s:1700	Starting server	{"port": ":8080"}
2026-02-23T19:57:10.217+0800	[33mWARN[0m	http/server.go:2294	Token validation failed	{"request_id": "34219f48-eb7e-42d1-b46f-a6ed455e4626", "client_ip": "[::1]:60064", "error": "token signature is invalid: signature is invalid"}
2026-02-23T19:57:10.217+0800	[34mINFO[0m	http/server.go:2294	HTTP Request completed	{"method": "POST", "path": "/api/v1/student/register", "ip": "[::1]:60064", "status": 400, "duration": 0.000580366}
2026-02-23T19:59:23.345+0800	[34mINFO[0m	http/server.go:2294	HTTP Request completed	{"method": "POST", "path": "/api/v1/student/register", "ip": "[::1]:35078", "status": 200, "duration": 0.000601581}
2026-02-23T20:01:49.295+0800	[34mINFO[0m	runtime/proc.go:283	Shutting down server...
2026-02-23T20:01:49.295+0800	[31mERROR[0m	runtime/asm_amd64.s:1700	Server error	{"error": "http: Server closed"}
2026-02-23T20:01:49.295+0800	[34mINFO[0m	runtime/proc.go:283	Server exited properly
2026-02-23T20:01:49.296+0800	[34mINFO[0m	cmd/main.go:108	Closing database connection...
2026-02-23T20:02:00.172+0800	[34mINFO[0m	runtime/proc.go:283	Starting application...
2026-02-23T20:02:00.174+0800	[34mINFO[0m	runtime/proc.go:283	Connecting to PostgreSQL database...
2026-02-23T20:02:00.187+0800	[34mINFO[0m	runtime/proc.go:283	Database connected successfully	{"database": "School-manajement"}
2026-02-23T20:02:00.188+0800	[34mINFO[0m	runtime/asm_amd64.s:1700	Starting server	{"port": ":8080"}
2026-02-23T20:02:02.848+0800	[34mINFO[0m	http/server.go:2294	HTTP Request completed	{"method": "POST", "path": "/api/v1/student/register", "ip": "[::1]:56206", "status": 200, "duration": 0.000648851}
2026-02-23T20:06:09.703+0800	[34mINFO[0m	runtime/proc.go:283	Shutting down server...
2026-02-23T20:06:09.703+0800	[31mERROR[0m	runtime/asm_amd64.s:1700	Server error	{"error": "http: Server closed"}
2026-02-23T20:06:09.703+0800	[34mINFO[0m	runtime/proc.go:283	Server exited properly
2026-02-23T20:06:09.704+0800	[34mINFO[0m	cmd/main.go:108	Closing database connection...
2026-02-23T20:07:40.797+0800	[34mINFO[0m	runtime/proc.go:283	Starting application...
2026-02-23T20:07:40.798+0800	[34mINFO[0m	runtime/proc.go:283	Connecting to PostgreSQL database...
2026-02-23T20:07:40.811+0800	[34mINFO[0m	runtime/proc.go:283	Database connected successfully	{"database": "School-manajement"}
2026-02-23T20:07:40.811+0800	[34mINFO[0m	runtime/asm_amd64.s:1700	Starting server	{"port": ":8080"}
2026-02-23T20:07:43.830+0800	[34mINFO[0m	http/server.go:2294	HTTP Request completed	{"method": "POST", "path": "/api/v1/students/register", "ip": "[::1]:42306", "status": 200, "duration": 0.000799679}
2026-02-23T20:08:32.365+0800	[34mINFO[0m	runtime/proc.go:283	Shutting down server...
2026-02-23T20:08:32.366+0800	[34mINFO[0m	runtime/proc.go:283	Server exited properly
2026-02-23T20:08:32.366+0800	[34mINFO[0m	cmd/main.go:108	Closing database connection...
2026-02-23T20:08:32.365+0800	[31mERROR[0m	runtime/asm_amd64.s:1700	Server error	{"error": "http: Server closed"}
2026-02-23T20:08:43.294+0800	[34mINFO[0m	runtime/proc.go:283	Starting application...
2026-02-23T20:08:43.295+0800	[34mINFO[0m	runtime/proc.go:283	Connecting to PostgreSQL database...
2026-02-23T20:08:43.308+0800	[34mINFO[0m	runtime/proc.go:283	Database connected successfully	{"database": "School-manajement"}
2026-02-23T20:08:43.308+0800	[34mINFO[0m	runtime/asm_amd64.s:1700	Starting server	{"port": ":8080"}
2026-02-23T20:08:45.948+0800	[34mINFO[0m	http/server.go:2294	HTTP Request completed	{"method": "POST", "path": "/api/v1/students/register", "ip": "[::1]:34488", "status": 200, "duration": 0.000627539}
2026-02-23T20:09:30.501+0800	[34mINFO[0m	runtime/proc.go:283	Shutting down server...
2026-02-23T20:09:30.501+0800	[31mERROR[0m	runtime/asm_amd64.s:1700	Server error	{"error": "http: Server closed"}
2026-02-23T20:09:30.501+0800	[34mINFO[0m	runtime/proc.go:283	Server exited properly
2026-02-23T20:09:30.501+0800	[34mINFO[0m	cmd/main.go:108	Closing database connection...
2026-02-23T20:09:33.399+0800	[34mINFO[0m	runtime/proc.go:283	Starting application...
2026-02-23T20:09:33.399+0800	[34mINFO[0m	runtime/proc.go:283	Connecting to PostgreSQL database...
2026-02-23T20:09:33.409+0800	[34mINFO[0m	runtime/proc.go:283	Database connected successfully	{"database": "School-manajement"}
2026-02-23T20:09:33.410+0800	[34mINFO[0m	runtime/asm_amd64.s:1700	Starting server	{"port": ":8080"}
2026-02-23T20:09:37.370+0800	[34mINFO[0m	http/server.go:2294	HTTP Request completed	{"method": "POST", "path": "/api/v1/students/register", "ip": "[::1]:53122", "status": 200, "duration": 0.000603004}
2026-02-23T20:11:29.227+0800	[34mINFO[0m	runtime/proc.go:283	Shutting down server...
2026-02-23T20:11:29.227+0800	[31mERROR[0m	runtime/asm_amd64.s:1700	Server error	{"error": "http: Server closed"}
2026-02-23T20:11:29.227+0800	[34mINFO[0m	runtime/proc.go:283	Server exited properly
2026-02-23T20:11:29.227+0800	[34mINFO[0m	cmd/main.go:108	Closing database connection...
2026-02-23T20:11:33.474+0800	[34mINFO[0m	runtime/proc.go:283	Starting application...
2026-02-23T20:11:33.474+0800	[34mINFO[0m	runtime/proc.go:283	Connecting to PostgreSQL database...
2026-02-23T20:11:33.491+0800	[34mINFO[0m	runtime/proc.go:283	Database connected successfully	{"database": "School-manajement"}
2026-02-23T20:11:33.493+0800	[34mINFO[0m	runtime/asm_amd64.s:1700	Starting server	{"port": ":8080"}
2026-02-23T20:11:37.619+0800	[34mINFO[0m	http/server.go:2294	HTTP Request completed	{"method": "POST", "path": "/api/v1/students/register", "ip": "[::1]:47270", "status": 200, "duration": 0.00070276}
2026-02-23T20:46:04.722+0800	[34mINFO[0m	runtime/proc.go:283	Shutting down server...
2026-02-23T20:46:04.723+0800	[31mERROR[0m	runtime/asm_amd64.s:1700	Server error	{"error": "http: Server closed"}
2026-02-23T20:46:04.723+0800	[34mINFO[0m	runtime/proc.go:283	Server exited properly
2026-02-23T20:46:04.724+0800	[34mINFO[0m	cmd/main.go:108	Closing database connection...
2026-02-23T20:50:27.384+0800	[34mINFO[0m	runtime/proc.go:283	Starting application...
2026-02-23T20:50:27.385+0800	[34mINFO[0m	runtime/proc.go:283	Connecting to PostgreSQL database...
2026-02-23T20:50:27.400+0800	[34mINFO[0m	runtime/proc.go:283	Database connected successfully	{"database": "School-manajement"}
2026-02-23T20:50:27.400+0800	[34mINFO[0m	runtime/asm_amd64.s:1700	Starting server	{"port": ":8080"}
2026-02-23T20:50:29.891+0800	[34mINFO[0m	http/server.go:2294	HTTP Request completed	{"method": "POST", "path": "/api/v1/students/register", "ip": "[::1]:45440", "status": 200, "duration": 0.000985957}
2026-02-23T20:50:56.072+0800	[33mWARN[0m	http/server.go:2294	Token validation failed	{"request_id": "fd5b27c5-3aed-4f4b-94ed-24338d594d5f", "client_ip": "[::1]:45440", "error": "token signature is invalid: signature is invalid"}
2026-02-23T20:50:56.072+0800	[34mINFO[0m	http/server.go:2294	HTTP Request completed	{"method": "POST", "path": "/api/v1/students/register", "ip": "[::1]:45440", "status": 400, "duration": 0.00072361}
2026-02-23T20:52:54.276+0800	[34mINFO[0m	runtime/proc.go:283	Shutting down server...
2026-02-23T20:52:54.276+0800	[31mERROR[0m	runtime/asm_amd64.s:1700	Server error	{"error": "http: Server closed"}
2026-02-23T20:52:54.276+0800	[34mINFO[0m	runtime/proc.go:283	Server exited properly
2026-02-23T20:52:54.277+0800	[34mINFO[0m	cmd/main.go:108	Closing database connection...
2026-02-23T20:53:11.525+0800	[34mINFO[0m	runtime/proc.go:283	Starting application...
2026-02-23T20:53:11.526+0800	[34mINFO[0m	runtime/proc.go:283	Connecting to PostgreSQL database...
2026-02-23T20:53:11.539+0800	[34mINFO[0m	runtime/proc.go:283	Database connected successfully	{"database": "School-manajement"}
2026-02-23T20:53:11.540+0800	[34mINFO[0m	runtime/asm_amd64.s:1700	Starting server	{"port": ":8080"}
2026-02-23T20:53:56.651+0800	[34mINFO[0m	http/server.go:2294	HTTP Request completed	{"method": "POST", "path": "/api/v1/students/register", "ip": "[::1]:33982", "status": 200, "duration": 0.000588608}
2026-02-23T20:54:43.247+0800	[34mINFO[0m	runtime/proc.go:283	Shutting down server...
2026-02-23T20:54:43.249+0800	[31mERROR[0m	runtime/asm_amd64.s:1700	Server error	{"error": "http: Server closed"}
2026-02-23T20:54:43.250+0800	[34mINFO[0m	runtime/proc.go:283	Server exited properly
2026-02-23T20:54:43.250+0800	[34mINFO[0m	cmd/main.go:108	Closing database connection...
2026-02-23T20:55:18.905+0800	[34mINFO[0m	runtime/proc.go:283	Starting application...
2026-02-23T20:55:18.906+0800	[34mINFO[0m	runtime/proc.go:283	Connecting to PostgreSQL database...
2026-02-23T20:55:18.920+0800	[34mINFO[0m	runtime/proc.go:283	Database connected successfully	{"database": "School-manajement"}
2026-02-23T20:55:18.920+0800	[34mINFO[0m	runtime/asm_amd64.s:1700	Starting server	{"port": ":8080"}
2026-02-23T20:55:22.181+0800	[34mINFO[0m	http/server.go:2294	HTTP Request completed	{"method": "POST", "path": "/api/v1/students/register", "ip": "[::1]:44852", "status": 200, "duration": 0.001275492}
2026-02-23T20:56:53.802+0800	[34mINFO[0m	runtime/proc.go:283	Shutting down server...
2026-02-23T20:56:53.803+0800	[31mERROR[0m	runtime/asm_amd64.s:1700	Server error	{"error": "http: Server closed"}
2026-02-23T20:56:53.803+0800	[34mINFO[0m	runtime/proc.go:283	Server exited properly
2026-02-23T20:56:53.804+0800	[34mINFO[0m	cmd/main.go:108	Closing database connection...
2026-02-23T20:57:09.655+0800	[34mINFO[0m	runtime/proc.go:283	Starting application...
2026-02-23T20:57:09.656+0800	[34mINFO[0m	runtime/proc.go:283	Connecting to PostgreSQL database...
2026-02-23T20:57:09.697+0800	[34mINFO[0m	runtime/proc.go:283	Database connected successfully	{"database": "School-manajement"}
2026-02-23T20:57:09.698+0800	[34mINFO[0m	runtime/asm_amd64.s:1700	Starting server	{"port": ":8080"}
2026-02-23T20:57:12.995+0800	[34mINFO[0m	http/server.go:2294	HTTP Request completed	{"method": "POST", "path": "/api/v1/students/register", "ip": "[::1]:60606", "status": 200, "duration": 0.000839717}
2026-02-23T20:58:41.031+0800	[34mINFO[0m	runtime/proc.go:283	Shutting down server...
2026-02-23T20:58:41.032+0800	[31mERROR[0m	runtime/asm_amd64.s:1700	Server error	{"error": "http: Server closed"}
2026-02-23T20:58:41.032+0800	[34mINFO[0m	runtime/proc.go:283	Server exited properly
2026-02-23T20:58:41.032+0800	[34mINFO[0m	cmd/main.go:108	Closing database connection...
2026-02-23T20:58:59.026+0800	[34mINFO[0m	runtime/proc.go:283	Starting application...
2026-02-23T20:58:59.026+0800	[34mINFO[0m	runtime/proc.go:283	Connecting to PostgreSQL database...
2026-02-23T20:58:59.039+0800	[34mINFO[0m	runtime/proc.go:283	Database connected successfully	{"database": "School-manajement"}
2026-02-23T20:58:59.039+0800	[34mINFO[0m	runtime/asm_amd64.s:1700	Starting server	{"port": ":8080"}
2026-02-23T20:59:15.163+0800	[34mINFO[0m	http/server.go:2294	HTTP Request completed	{"method": "POST", "path": "/api/v1/students/register", "ip": "[::1]:52438", "status": 200, "duration": 0.001052235}
2026-02-23T21:01:42.407+0800	[34mINFO[0m	runtime/proc.go:283	Shutting down server...
2026-02-23T21:01:42.407+0800	[31mERROR[0m	runtime/asm_amd64.s:1700	Server error	{"error": "http: Server closed"}
2026-02-23T21:01:42.408+0800	[34mINFO[0m	runtime/proc.go:283	Server exited properly
2026-02-23T21:01:42.408+0800	[34mINFO[0m	cmd/main.go:108	Closing database connection...
2026-02-23T21:02:02.021+0800	[34mINFO[0m	runtime/proc.go:283	Starting application...
2026-02-23T21:02:02.021+0800	[34mINFO[0m	runtime/proc.go:283	Connecting to PostgreSQL database...
2026-02-23T21:02:02.032+0800	[34mINFO[0m	runtime/proc.go:283	Database connected successfully	{"database": "School-manajement"}
2026-02-23T21:02:02.037+0800	[34mINFO[0m	runtime/asm_amd64.s:1700	Starting server	{"port": ":8080"}
2026-02-23T21:02:11.487+0800	[34mINFO[0m	http/server.go:2294	HTTP Request completed	{"method": "POST", "path": "/api/v1/students/register", "ip": "[::1]:38340", "status": 200, "duration": 0.000826988}
2026-02-23T21:02:30.716+0800	[34mINFO[0m	http/server.go:2294	HTTP Request completed	{"method": "GET", "path": "/api/v1/profile", "ip": "[::1]:38340", "status": 200, "duration": 0.003916683}
2026-02-23T21:03:25.272+0800	[34mINFO[0m	runtime/proc.go:283	Shutting down server...
2026-02-23T21:03:25.272+0800	[31mERROR[0m	runtime/asm_amd64.s:1700	Server error	{"error": "http: Server closed"}
2026-02-23T21:03:25.272+0800	[34mINFO[0m	runtime/proc.go:283	Server exited properly
2026-02-23T21:03:25.273+0800	[34mINFO[0m	cmd/main.go:108	Closing database connection...
2026-02-23T21:03:37.365+0800	[34mINFO[0m	runtime/proc.go:283	Starting application...
2026-02-23T21:03:37.366+0800	[34mINFO[0m	runtime/proc.go:283	Connecting to PostgreSQL database...
2026-02-23T21:03:37.379+0800	[34mINFO[0m	runtime/proc.go:283	Database connected successfully	{"database": "School-manajement"}
2026-02-23T21:03:37.379+0800	[34mINFO[0m	runtime/asm_amd64.s:1700	Starting server	{"port": ":8080"}
2026-02-23T21:03:52.907+0800	[34mINFO[0m	http/server.go:2294	HTTP Request completed	{"method": "POST", "path": "/api/v1/students/register", "ip": "[::1]:47162", "status": 200, "duration": 0.000738757}
2026-02-23T21:06:54.308+0800	[34mINFO[0m	runtime/proc.go:283	Shutting down server...
2026-02-23T21:06:54.309+0800	[31mERROR[0m	runtime/asm_amd64.s:1700	Server error	{"error": "http: Server closed"}
2026-02-23T21:06:54.309+0800	[34mINFO[0m	runtime/proc.go:283	Server exited properly
2026-02-23T21:06:54.309+0800	[34mINFO[0m	cmd/main.go:108	Closing database connection...
2026-02-23T21:07:09.475+0800	[34mINFO[0m	runtime/proc.go:283	Starting application...
2026-02-23T21:07:09.475+0800	[34mINFO[0m	runtime/proc.go:283	Connecting to PostgreSQL database...
2026-02-23T21:07:09.527+0800	[34mINFO[0m	runtime/proc.go:283	Database connected successfully	{"database": "School-manajement"}
2026-02-23T21:07:09.531+0800	[34mINFO[0m	runtime/asm_amd64.s:1700	Starting server	{"port": ":8080"}
2026-02-23T21:07:15.138+0800	[34mINFO[0m	http/server.go:2294	HTTP Request completed	{"method": "POST", "path": "/api/v1/students/register", "ip": "[::1]:39656", "status": 200, "duration": 0.000660847}
2026-02-23T21:10:22.757+0800	[34mINFO[0m	runtime/proc.go:283	Shutting down server...
2026-02-23T21:10:22.757+0800	[31mERROR[0m	runtime/asm_amd64.s:1700	Server error	{"error": "http: Server closed"}
2026-02-23T21:10:22.757+0800	[34mINFO[0m	runtime/proc.go:283	Server exited properly
2026-02-23T21:10:22.758+0800	[34mINFO[0m	cmd/main.go:108	Closing database connection...
2026-02-23T21:10:39.796+0800	[34mINFO[0m	runtime/proc.go:283	Starting application...
2026-02-23T21:10:39.797+0800	[34mINFO[0m	runtime/proc.go:283	Connecting to PostgreSQL database...
2026-02-23T21:10:39.811+0800	[34mINFO[0m	runtime/proc.go:283	Database connected successfully	{"database": "School-manajement"}
2026-02-23T21:10:39.811+0800	[34mINFO[0m	runtime/asm_amd64.s:1700	Starting server	{"port": ":8080"}
2026-02-23T21:10:44.996+0800	[34mINFO[0m	http/server.go:2294	HTTP Request completed	{"method": "POST", "path": "/api/v1/students/register", "ip": "[::1]:42422", "status": 200, "duration": 0.001420397}
2026-02-23T21:11:42.577+0800	[34mINFO[0m	runtime/proc.go:283	Shutting down server...
2026-02-23T21:11:42.577+0800	[31mERROR[0m	runtime/asm_amd64.s:1700	Server error	{"error": "http: Server closed"}
2026-02-23T21:11:42.577+0800	[34mINFO[0m	runtime/proc.go:283	Server exited properly
2026-02-23T21:11:42.577+0800	[34mINFO[0m	cmd/main.go:108	Closing database connection...
2026-02-23T21:11:54.293+0800	[34mINFO[0m	runtime/proc.go:283	Starting application...
2026-02-23T21:11:54.293+0800	[34mINFO[0m	runtime/proc.go:283	Connecting to PostgreSQL database...
2026-02-23T21:11:54.306+0800	[34mINFO[0m	runtime/proc.go:283	Database connected successfully	{"database": "School-manajement"}
2026-02-23T21:11:54.306+0800	[34mINFO[0m	runtime/asm_amd64.s:1700	Starting server	{"port": ":8080"}
2026-02-23T21:11:57.854+0800	[31mERROR[0m	http/server.go:2294	Failed to doing some validate	{"request_id": "c5c109b2-16fc-438f-b50d-036095de9379", "client_ip": "[::1]:35854"}
2026-02-23T21:11:57.854+0800	[34mINFO[0m	http/server.go:2294	HTTP Request completed	{"method": "POST", "path": "/api/v1/students/register", "ip": "[::1]:35854", "status": 400, "duration": 0.000818713}
2026-02-23T21:12:39.690+0800	[34mINFO[0m	runtime/proc.go:283	Shutting down server...
2026-02-23T21:12:39.690+0800	[31mERROR[0m	runtime/asm_amd64.s:1700	Server error	{"error": "http: Server closed"}
2026-02-23T21:12:39.690+0800	[34mINFO[0m	runtime/proc.go:283	Server exited properly
2026-02-23T21:12:39.690+0800	[34mINFO[0m	cmd/main.go:108	Closing database connection...
2026-02-23T21:12:53.070+0800	[34mINFO[0m	runtime/proc.go:283	Starting application...
2026-02-23T21:12:53.070+0800	[34mINFO[0m	runtime/proc.go:283	Connecting to PostgreSQL database...
2026-02-23T21:12:53.086+0800	[34mINFO[0m	runtime/proc.go:283	Database connected successfully	{"database": "School-manajement"}
2026-02-23T21:12:53.086+0800	[34mINFO[0m	runtime/asm_amd64.s:1700	Starting server	{"port": ":8080"}
2026-02-23T21:12:58.102+0800	[31mERROR[0m	http/server.go:2294	Failed to decode data payload	{"request_id": "bd189359-7ec5-41c3-9b7d-9c4a78a373fb", "client_ip": "[::1]:43664"}
2026-02-23T21:12:58.102+0800	[34mINFO[0m	http/server.go:2294	HTTP Request completed	{"method": "POST", "path": "/api/v1/students/register", "ip": "[::1]:43664", "status": 400, "duration": 0.000990074}
2026-02-23T21:13:09.014+0800	[31mERROR[0m	http/server.go:2294	Failed to get the student	{"request_id": "e72fed09-6637-4432-8431-d861744ea798", "client_ip": "[::1]:43664"}
2026-02-23T21:13:09.014+0800	[34mINFO[0m	http/server.go:2294	HTTP Request completed	{"method": "POST", "path": "/api/v1/students/register", "ip": "[::1]:43664", "status": 400, "duration": 0.003529582}
2026-02-23T21:13:31.407+0800	[34mINFO[0m	runtime/proc.go:283	Shutting down server...
2026-02-23T21:13:31.407+0800	[31mERROR[0m	runtime/asm_amd64.s:1700	Server error	{"error": "http: Server closed"}
2026-02-23T21:13:31.407+0800	[34mINFO[0m	runtime/proc.go:283	Server exited properly
2026-02-23T21:13:31.407+0800	[34mINFO[0m	cmd/main.go:108	Closing database connection...
2026-02-23T21:13:42.974+0800	[34mINFO[0m	runtime/proc.go:283	Starting application...
2026-02-23T21:13:42.975+0800	[34mINFO[0m	runtime/proc.go:283	Connecting to PostgreSQL database...
2026-02-23T21:13:42.992+0800	[34mINFO[0m	runtime/proc.go:283	Database connected successfully	{"database": "School-manajement"}
2026-02-23T21:13:42.992+0800	[34mINFO[0m	runtime/asm_amd64.s:1700	Starting server	{"port": ":8080"}
2026-02-23T21:13:50.734+0800	[31mERROR[0m	http/server.go:2294	Failed to get the student	{"request_id": "547b848d-fff1-4f15-bc3a-adb0d6d0151c", "client_ip": "[::1]:36766"}
2026-02-23T21:13:50.735+0800	[34mINFO[0m	http/server.go:2294	HTTP Request completed	{"method": "POST", "path": "/api/v1/students/register", "ip": "[::1]:36766", "status": 400, "duration": 0.003837944}
2026-02-23T21:14:44.512+0800	[34mINFO[0m	runtime/proc.go:283	Shutting down server...
2026-02-23T21:14:44.512+0800	[31mERROR[0m	runtime/asm_amd64.s:1700	Server error	{"error": "http: Server closed"}
2026-02-23T21:14:44.514+0800	[34mINFO[0m	runtime/proc.go:283	Server exited properly
2026-02-23T21:14:44.515+0800	[34mINFO[0m	cmd/main.go:108	Closing database connection...
2026-02-23T21:15:01.387+0800	[34mINFO[0m	runtime/proc.go:283	Starting application...
2026-02-23T21:15:01.401+0800	[34mINFO[0m	runtime/proc.go:283	Connecting to PostgreSQL database...
2026-02-23T21:15:01.419+0800	[34mINFO[0m	runtime/proc.go:283	Database connected successfully	{"database": "School-manajement"}
2026-02-23T21:15:01.421+0800	[34mINFO[0m	runtime/asm_amd64.s:1700	Starting server	{"port": ":8080"}
2026-02-23T21:15:08.612+0800	[31mERROR[0m	http/server.go:2294	Failed to get the student	{"request_id": "e9599135-95be-4f7f-b836-a29fe325b9ea", "client_ip": "[::1]:52472"}
2026-02-23T21:15:08.617+0800	[34mINFO[0m	http/server.go:2294	HTTP Request completed	{"method": "POST", "path": "/api/v1/students/register", "ip": "[::1]:52472", "status": 400, "duration": 0.010923787}
2026-02-23T21:15:19.450+0800	[34mINFO[0m	runtime/proc.go:283	Shutting down server...
2026-02-23T21:15:19.451+0800	[31mERROR[0m	runtime/asm_amd64.s:1700	Server error	{"error": "http: Server closed"}
2026-02-23T21:15:19.451+0800	[34mINFO[0m	runtime/proc.go:283	Server exited properly
2026-02-23T21:15:19.454+0800	[34mINFO[0m	cmd/main.go:108	Closing database connection...
2026-02-23T21:16:42.121+0800	[34mINFO[0m	runtime/proc.go:283	Starting application...
2026-02-23T21:16:42.123+0800	[34mINFO[0m	runtime/proc.go:283	Connecting to PostgreSQL database...
2026-02-23T21:16:42.210+0800	[34mINFO[0m	runtime/proc.go:283	Database connected successfully	{"database": "School-manajement"}
2026-02-23T21:16:42.210+0800	[34mINFO[0m	runtime/asm_amd64.s:1700	Starting server	{"port": ":8080"}
2026-02-23T21:16:47.003+0800	[31mERROR[0m	http/server.go:2294	Failed to get the student	{"request_id": "7f92596b-2446-4213-a349-57b4007dc0a5", "client_ip": "[::1]:52680"}
2026-02-23T21:16:47.003+0800	[34mINFO[0m	http/server.go:2294	HTTP Request completed	{"method": "POST", "path": "/api/v1/students/register", "ip": "[::1]:52680", "status": 400, "duration": 0.00801463}
2026-02-23T21:18:30.044+0800	[34mINFO[0m	runtime/proc.go:283	Shutting down server...
2026-02-23T21:18:30.045+0800	[31mERROR[0m	runtime/asm_amd64.s:1700	Server error	{"error": "http: Server closed"}
2026-02-23T21:18:30.045+0800	[34mINFO[0m	runtime/proc.go:283	Server exited properly
2026-02-23T21:18:30.045+0800	[34mINFO[0m	cmd/main.go:108	Closing database connection...
2026-02-23T21:22:46.081+0800	[34mINFO[0m	runtime/proc.go:283	Starting application...
2026-02-23T21:22:46.082+0800	[34mINFO[0m	runtime/proc.go:283	Connecting to PostgreSQL database...
2026-02-23T21:22:46.102+0800	[34mINFO[0m	runtime/proc.go:283	Database connected successfully	{"database": "School-manajement"}
2026-02-23T21:22:46.104+0800	[34mINFO[0m	runtime/asm_amd64.s:1700	Starting server	{"port": ":8080"}
2026-02-23T21:22:50.719+0800	[31mERROR[0m	http/server.go:2294	Failed to get the student	{"request_id": "47369ea7-13a8-4f17-8d5f-35a22b1022ea", "client_ip": "[::1]:39902"}
2026-02-23T21:22:50.719+0800	[34mINFO[0m	http/server.go:2294	HTTP Request completed	{"method": "POST", "path": "/api/v1/students/register", "ip": "[::1]:39902", "status": 400, "duration": 0.004168214}
2026-02-23T21:25:55.766+0800	[34mINFO[0m	runtime/proc.go:283	Shutting down server...
2026-02-23T21:25:55.766+0800	[31mERROR[0m	runtime/asm_amd64.s:1700	Server error	{"error": "http: Server closed"}
2026-02-23T21:25:55.766+0800	[34mINFO[0m	runtime/proc.go:283	Server exited properly
2026-02-23T21:25:55.766+0800	[34mINFO[0m	cmd/main.go:108	Closing database connection...
2026-02-23T21:26:08.022+0800	[34mINFO[0m	runtime/proc.go:283	Starting application...
2026-02-23T21:26:08.022+0800	[34mINFO[0m	runtime/proc.go:283	Connecting to PostgreSQL database...
2026-02-23T21:26:08.035+0800	[34mINFO[0m	runtime/proc.go:283	Database connected successfully	{"database": "School-manajement"}
2026-02-23T21:26:08.035+0800	[34mINFO[0m	runtime/asm_amd64.s:1700	Starting server	{"port": ":8080"}
2026-02-23T21:26:12.625+0800	[34mINFO[0m	http/server.go:2294	HTTP Request completed	{"method": "POST", "path": "/api/v1/students/register", "ip": "[::1]:41576", "status": 201, "duration": 0.006995721}
2026-02-23T21:27:05.259+0800	[34mINFO[0m	runtime/proc.go:283	Shutting down server...
2026-02-23T21:27:05.260+0800	[31mERROR[0m	runtime/asm_amd64.s:1700	Server error	{"error": "http: Server closed"}
2026-02-23T21:27:05.260+0800	[34mINFO[0m	runtime/proc.go:283	Server exited properly
2026-02-23T21:27:05.260+0800	[34mINFO[0m	cmd/main.go:108	Closing database connection...
2026-02-23T21:27:17.182+0800	[34mINFO[0m	runtime/proc.go:283	Starting application...
2026-02-23T21:27:17.184+0800	[34mINFO[0m	runtime/proc.go:283	Connecting to PostgreSQL database...
2026-02-23T21:27:17.237+0800	[34mINFO[0m	runtime/proc.go:283	Database connected successfully	{"database": "School-manajement"}
2026-02-23T21:27:17.240+0800	[34mINFO[0m	runtime/asm_amd64.s:1700	Starting server	{"port": ":8080"}
2026-02-23T21:28:06.891+0800	[34mINFO[0m	http/server.go:2294	HTTP Request completed	{"method": "POST", "path": "/api/v1/register", "ip": "[::1]:48560", "status": 201, "duration": 0.178012068}
2026-02-23T21:28:41.378+0800	[34mINFO[0m	http/server.go:2294	HTTP Request completed	{"method": "POST", "path": "/api/v1/login", "ip": "[::1]:48560", "status": 200, "duration": 0.133922104}
2026-02-23T21:29:16.974+0800	[31mERROR[0m	http/server.go:2294	Failed to get the student	{"request_id": "46c2d3b6-8c61-452b-95f9-a20830ed8d5a", "client_ip": "[::1]:48560"}
2026-02-23T21:29:16.975+0800	[34mINFO[0m	http/server.go:2294	HTTP Request completed	{"method": "POST", "path": "/api/v1/students/register", "ip": "[::1]:48560", "status": 400, "duration": 0.001896774}
2026-02-23T21:31:39.217+0800	[34mINFO[0m	runtime/proc.go:283	Shutting down server...
2026-02-23T21:31:39.218+0800	[31mERROR[0m	runtime/asm_amd64.s:1700	Server error	{"error": "http: Server closed"}
2026-02-23T21:31:39.218+0800	[34mINFO[0m	runtime/proc.go:283	Server exited properly
2026-02-23T21:31:39.218+0800	[34mINFO[0m	cmd/main.go:108	Closing database connection...
2026-02-23T21:32:01.451+0800	[34mINFO[0m	runtime/proc.go:283	Starting application...
2026-02-23T21:32:01.451+0800	[34mINFO[0m	runtime/proc.go:283	Connecting to PostgreSQL database...
2026-02-23T21:32:01.493+0800	[34mINFO[0m	runtime/proc.go:283	Database connected successfully	{"database": "School-manajement"}
2026-02-23T21:32:01.493+0800	[34mINFO[0m	runtime/asm_amd64.s:1700	Starting server	{"port": ":8080"}
2026-02-23T21:32:04.685+0800	[31mERROR[0m	http/server.go:2294	Failed to get the student	{"request_id": "e7472d2f-b7f7-4463-a9a3-c3970fd46a35", "client_ip": "[::1]:52200"}
2026-02-23T21:32:04.685+0800	[34mINFO[0m	http/server.go:2294	HTTP Request completed	{"method": "POST", "path": "/api/v1/students/register", "ip": "[::1]:52200", "status": 400, "duration": 0.003730415}
2026-02-23T21:32:53.792+0800	[34mINFO[0m	runtime/proc.go:283	Shutting down server...
2026-02-23T21:32:53.792+0800	[31mERROR[0m	runtime/asm_amd64.s:1700	Server error	{"error": "http: Server closed"}
2026-02-23T21:32:53.792+0800	[34mINFO[0m	runtime/proc.go:283	Server exited properly
2026-02-23T21:32:53.792+0800	[34mINFO[0m	cmd/main.go:108	Closing database connection...
2026-02-23T21:33:05.909+0800	[34mINFO[0m	runtime/proc.go:283	Starting application...
2026-02-23T21:33:05.909+0800	[34mINFO[0m	runtime/proc.go:283	Connecting to PostgreSQL database...
2026-02-23T21:33:05.922+0800	[34mINFO[0m	runtime/proc.go:283	Database connected successfully	{"database": "School-manajement"}
2026-02-23T21:33:05.922+0800	[34mINFO[0m	runtime/asm_amd64.s:1700	Starting server	{"port": ":8080"}
2026-02-23T21:33:09.062+0800	[31mERROR[0m	http/server.go:2294	Failed to get the student	{"request_id": "5928bb5a-2c27-4e5c-8dd1-75be76e6d0bd", "client_ip": "[::1]:53038"}
2026-02-23T21:33:09.064+0800	[34mINFO[0m	http/server.go:2294	HTTP Request completed	{"method": "POST", "path": "/api/v1/students/register", "ip": "[::1]:53038", "status": 400, "duration": 0.004482096}
2026-02-23T21:35:45.631+0800	[34mINFO[0m	runtime/proc.go:283	Shutting down server...
2026-02-23T21:35:45.631+0800	[31mERROR[0m	runtime/asm_amd64.s:1700	Server error	{"error": "http: Server closed"}
2026-02-23T21:35:45.631+0800	[34mINFO[0m	runtime/proc.go:283	Server exited properly
2026-02-23T21:35:45.632+0800	[34mINFO[0m	cmd/main.go:108	Closing database connection...
2026-02-23T21:35:57.901+0800	[34mINFO[0m	runtime/proc.go:283	Starting application...
2026-02-23T21:35:57.903+0800	[34mINFO[0m	runtime/proc.go:283	Connecting to PostgreSQL database...
2026-02-23T21:35:57.922+0800	[34mINFO[0m	runtime/proc.go:283	Database connected successfully	{"database": "School-manajement"}
2026-02-23T21:35:57.936+0800	[34mINFO[0m	runtime/asm_amd64.s:1700	Starting server	{"port": ":8080"}
2026-02-23T21:36:02.096+0800	[31mERROR[0m	http/server.go:2294	Failed to get the student	{"request_id": "2596b2af-1847-46ce-b243-5121a792fa53", "client_ip": "[::1]:52622"}
2026-02-23T21:36:02.096+0800	[34mINFO[0m	http/server.go:2294	HTTP Request completed	{"method": "POST", "path": "/api/v1/students/register", "ip": "[::1]:52622", "status": 400, "duration": 0.005049565}
2026-02-23T21:39:19.456+0800	[34mINFO[0m	runtime/proc.go:283	Shutting down server...
2026-02-23T21:39:19.457+0800	[31mERROR[0m	runtime/asm_amd64.s:1700	Server error	{"error": "http: Server closed"}
2026-02-23T21:39:19.457+0800	[34mINFO[0m	runtime/proc.go:283	Server exited properly
2026-02-23T21:39:19.458+0800	[34mINFO[0m	cmd/main.go:108	Closing database connection...
2026-02-23T21:39:38.023+0800	[34mINFO[0m	runtime/proc.go:283	Starting application...
2026-02-23T21:39:38.023+0800	[34mINFO[0m	runtime/proc.go:283	Connecting to PostgreSQL database...
2026-02-23T21:39:38.037+0800	[34mINFO[0m	runtime/proc.go:283	Database connected successfully	{"database": "School-manajement"}
2026-02-23T21:39:38.037+0800	[34mINFO[0m	runtime/asm_amd64.s:1700	Starting server	{"port": ":8080"}
2026-02-23T21:39:41.040+0800	[31mERROR[0m	http/server.go:2294	Failed to get the student	{"request_id": "23f7f0d4-2d93-413c-ab34-0896e5d64fab", "client_ip": "[::1]:54186"}
2026-02-23T21:39:41.041+0800	[34mINFO[0m	http/server.go:2294	HTTP Request completed	{"method": "POST", "path": "/api/v1/students/register", "ip": "[::1]:54186", "status": 400, "duration": 0.004517273}
2026-02-23T21:45:12.196+0800	[34mINFO[0m	runtime/proc.go:283	Shutting down server...
2026-02-23T21:45:12.197+0800	[31mERROR[0m	runtime/asm_amd64.s:1700	Server error	{"error": "http: Server closed"}
2026-02-23T21:45:12.197+0800	[34mINFO[0m	runtime/proc.go:283	Server exited properly
2026-02-23T21:45:12.197+0800	[34mINFO[0m	cmd/main.go:108	Closing database connection...
2026-02-23T21:45:30.949+0800	[34mINFO[0m	runtime/proc.go:283	Starting application...
2026-02-23T21:45:30.950+0800	[34mINFO[0m	runtime/proc.go:283	Connecting to PostgreSQL database...
2026-02-23T21:45:30.963+0800	[34mINFO[0m	runtime/proc.go:283	Database connected successfully	{"database": "School-manajement"}
2026-02-23T21:45:30.963+0800	[34mINFO[0m	runtime/asm_amd64.s:1700	Starting server	{"port": ":8080"}
2026-02-23T21:45:34.566+0800	[31mERROR[0m	http/server.go:2294	Failed to get the student	{"request_id": "3262b226-1f8b-410a-a4cd-0cb8087707e4", "client_ip": "[::1]:37664"}
2026-02-23T21:45:34.566+0800	[34mINFO[0m	http/server.go:2294	HTTP Request completed	{"method": "POST", "path": "/api/v1/students/register", "ip": "[::1]:37664", "status": 400, "duration": 0.003560438}
2026-02-23T21:46:36.188+0800	[34mINFO[0m	runtime/proc.go:283	Shutting down server...
2026-02-23T21:46:36.188+0800	[31mERROR[0m	runtime/asm_amd64.s:1700	Server error	{"error": "http: Server closed"}
2026-02-23T21:46:36.188+0800	[34mINFO[0m	runtime/proc.go:283	Server exited properly
2026-02-23T21:46:36.188+0800	[34mINFO[0m	cmd/main.go:108	Closing database connection...
2026-02-23T21:47:15.838+0800	[34mINFO[0m	runtime/proc.go:283	Starting application...
2026-02-23T21:47:15.840+0800	[34mINFO[0m	runtime/proc.go:283	Connecting to PostgreSQL database...
2026-02-23T21:47:15.886+0800	[34mINFO[0m	runtime/proc.go:283	Database connected successfully	{"database": "School-manajement"}
2026-02-23T21:47:15.887+0800	[34mINFO[0m	runtime/asm_amd64.s:1700	Starting server	{"port": ":8080"}
2026-02-23T21:49:21.798+0800	[34mINFO[0m	runtime/proc.go:283	Shutting down server...
2026-02-23T21:49:21.798+0800	[31mERROR[0m	runtime/asm_amd64.s:1700	Server error	{"error": "http: Server closed"}
2026-02-23T21:49:21.798+0800	[34mINFO[0m	runtime/proc.go:283	Server exited properly
2026-02-23T21:49:21.798+0800	[34mINFO[0m	cmd/main.go:108	Closing database connection...
2026-02-23T21:52:17.579+0800	[34mINFO[0m	runtime/proc.go:283	Starting application...
2026-02-23T21:52:17.587+0800	[34mINFO[0m	runtime/proc.go:283	Connecting to PostgreSQL database...
2026-02-23T21:52:17.609+0800	[34mINFO[0m	runtime/proc.go:283	Database connected successfully	{"database": "School-manajement"}
2026-02-23T21:52:17.609+0800	[34mINFO[0m	runtime/asm_amd64.s:1700	Starting server	{"port": ":8080"}
2026-02-23T21:54:25.202+0800	[34mINFO[0m	runtime/proc.go:283	Shutting down server...
2026-02-23T21:54:25.202+0800	[31mERROR[0m	runtime/asm_amd64.s:1700	Server error	{"error": "http: Server closed"}
2026-02-23T21:54:25.203+0800	[34mINFO[0m	runtime/proc.go:283	Server exited properly
2026-02-23T21:54:25.203+0800	[34mINFO[0m	cmd/main.go:108	Closing database connection...
2026-02-23T21:54:39.801+0800	[34mINFO[0m	runtime/proc.go:283	Starting application...
2026-02-23T21:54:39.801+0800	[34mINFO[0m	runtime/proc.go:283	Connecting to PostgreSQL database...
2026-02-23T21:54:39.816+0800	[34mINFO[0m	runtime/proc.go:283	Database connected successfully	{"database": "School-manajement"}
2026-02-23T21:54:39.816+0800	[34mINFO[0m	runtime/asm_amd64.s:1700	Starting server	{"port": ":8080"}
2026-02-23T21:55:28.472+0800	[34mINFO[0m	runtime/proc.go:283	Shutting down server...
2026-02-23T21:55:28.472+0800	[31mERROR[0m	runtime/asm_amd64.s:1700	Server error	{"error": "http: Server closed"}
2026-02-23T21:55:28.473+0800	[34mINFO[0m	runtime/proc.go:283	Server exited properly
2026-02-23T21:55:28.473+0800	[34mINFO[0m	cmd/main.go:108	Closing database connection...
2026-02-23T21:55:39.007+0800	[34mINFO[0m	runtime/proc.go:283	Starting application...
2026-02-23T21:55:39.007+0800	[34mINFO[0m	runtime/proc.go:283	Connecting to PostgreSQL database...
2026-02-23T21:55:39.019+0800	[34mINFO[0m	runtime/proc.go:283	Database connected successfully	{"database": "School-manajement"}
2026-02-23T21:55:39.020+0800	[34mINFO[0m	runtime/asm_amd64.s:1700	Starting server	{"port": ":8080"}
2026-02-23T21:57:10.930+0800	[34mINFO[0m	runtime/proc.go:283	Shutting down server...
2026-02-23T21:57:10.930+0800	[31mERROR[0m	runtime/asm_amd64.s:1700	Server error	{"error": "http: Server closed"}
2026-02-23T21:57:10.930+0800	[34mINFO[0m	runtime/proc.go:283	Server exited properly
2026-02-23T21:57:10.931+0800	[34mINFO[0m	cmd/main.go:108	Closing database connection...
2026-02-23T21:58:01.175+0800	[34mINFO[0m	runtime/proc.go:283	Starting application...
2026-02-23T21:58:01.175+0800	[34mINFO[0m	runtime/proc.go:283	Connecting to PostgreSQL database...
2026-02-23T21:58:01.190+0800	[34mINFO[0m	runtime/proc.go:283	Database connected successfully	{"database": "School-manajement"}
2026-02-23T21:58:01.191+0800	[34mINFO[0m	runtime/asm_amd64.s:1700	Starting server	{"port": ":8080"}
2026-02-23T21:58:03.968+0800	[34mINFO[0m	http/server.go:2294	HTTP Request completed	{"method": "POST", "path": "/api/v1/students/register", "ip": "[::1]:34434", "status": 201, "duration": 0.007246391}
2026-02-23T21:59:17.050+0800	[34mINFO[0m	runtime/proc.go:283	Shutting down server...
2026-02-23T21:59:17.051+0800	[31mERROR[0m	runtime/asm_amd64.s:1700	Server error	{"error": "http: Server closed"}
2026-02-23T21:59:17.051+0800	[34mINFO[0m	runtime/proc.go:283	Server exited properly
2026-02-23T21:59:17.051+0800	[34mINFO[0m	cmd/main.go:108	Closing database connection...
2026-02-26T21:12:37.252+0800	[34mINFO[0m	runtime/proc.go:283	Starting application...
2026-02-26T21:12:37.256+0800	[34mINFO[0m	runtime/proc.go:283	Connecting to PostgreSQL database...
2026-02-26T21:12:37.302+0800	[34mINFO[0m	runtime/proc.go:283	Database connected successfully	{"database": "School-manajement"}
2026-02-26T21:12:37.302+0800	[34mINFO[0m	runtime/asm_amd64.s:1700	Starting server	{"port": ":8080"}
2026-02-26T21:12:43.392+0800	[34mINFO[0m	runtime/proc.go:283	Shutting down server...
2026-02-26T21:12:43.394+0800	[34mINFO[0m	runtime/proc.go:283	Server exited properly
2026-02-26T21:12:43.394+0800	[34mINFO[0m	cmd/main.go:108	Closing database connection...
2026-02-26T21:12:43.394+0800	[31mERROR[0m	runtime/asm_amd64.s:1700	Server error	{"error": "http: Server closed"}
2026-03-07T14:44:29.192+0800	[34mINFO[0m	runtime/proc.go:290	Starting application...
2026-03-07T14:44:29.225+0800	[34mINFO[0m	runtime/proc.go:290	Connecting to PostgreSQL database...
2026-03-07T14:44:29.436+0800	[34mINFO[0m	runtime/proc.go:290	Database connected successfully	{"database": "School-manajement"}
2026-03-07T14:44:29.436+0800	[34mINFO[0m	runtime/asm_amd64.s:1771	Starting server	{"port": ":8080"}
2026-03-07T14:44:35.567+0800	[34mINFO[0m	runtime/proc.go:290	Shutting down server...
2026-03-07T14:44:35.567+0800	[31mERROR[0m	runtime/asm_amd64.s:1771	Server error	{"error": "http: Server closed"}
2026-03-07T14:44:35.568+0800	[34mINFO[0m	runtime/proc.go:290	Server exited properly
2026-03-07T14:44:35.569+0800	[34mINFO[0m	cmd/main.go:108	Closing database connection...
2026-03-09T19:37:35.636+0800	[34mINFO[0m	runtime/proc.go:290	Starting application...
2026-03-09T19:37:35.669+0800	[34mINFO[0m	runtime/proc.go:290	Connecting to PostgreSQL database...
2026-03-09T19:37:36.060+0800	[34mINFO[0m	runtime/proc.go:290	Database connected successfully	{"database": "School-manajement"}
2026-03-09T19:37:36.061+0800	[34mINFO[0m	runtime/asm_amd64.s:1771	Starting server	{"port": ":8080"}
2026-03-09T19:37:43.083+0800	[34mINFO[0m	runtime/proc.go:290	Shutting down server...
2026-03-09T19:37:43.083+0800	[31mERROR[0m	runtime/asm_amd64.s:1771	Server error	{"error": "http: Server closed"}
2026-03-09T19:37:43.083+0800	[34mINFO[0m	runtime/proc.go:290	Server exited properly
2026-03-09T19:37:43.092+0800	[34mINFO[0m	cmd/main.go:108	Closing database connection...
2026-03-09T19:37:48.110+0800	[34mINFO[0m	runtime/proc.go:290	Starting application...
2026-03-09T19:37:48.143+0800	[34mINFO[0m	runtime/proc.go:290	Connecting to PostgreSQL database...
2026-03-09T19:37:48.390+0800	[34mINFO[0m	runtime/proc.go:290	Database connected successfully	{"database": "School-manajement"}
2026-03-09T19:37:48.391+0800	[34mINFO[0m	runtime/asm_amd64.s:1771	Starting server	{"port": ":8080"}
2026-03-09T19:38:21.746+0800	[34mINFO[0m	http/server.go:2286	HTTP Request completed	{"method": "POST", "path": "/api/v1/register", "ip": "[::1]:50897", "status": 201, "duration": 0.2618771}
2026-03-09T19:39:17.499+0800	[34mINFO[0m	http/server.go:2286	HTTP Request completed	{"method": "POST", "path": "/api/v1/register", "ip": "[::1]:50897", "status": 201, "duration": 0.1799832}
2026-03-09T19:39:59.285+0800	[34mINFO[0m	http/server.go:2286	HTTP Request completed	{"method": "POST", "path": "/api/v1/register", "ip": "[::1]:50897", "status": 201, "duration": 0.1523577}
2026-03-09T19:45:50.223+0800	[34mINFO[0m	http/server.go:2286	HTTP Request completed	{"method": "POST", "path": "/api/v1/register", "ip": "[::1]:64599", "status": 201, "duration": 0.2732526}
2026-03-09T19:46:28.058+0800	[34mINFO[0m	http/server.go:2286	HTTP Request completed	{"method": "POST", "path": "/api/v1/register", "ip": "[::1]:64599", "status": 201, "duration": 0.1382976}
2026-03-09T19:47:20.927+0800	[34mINFO[0m	http/server.go:2286	HTTP Request completed	{"method": "POST", "path": "/api/v1/register", "ip": "[::1]:64599", "status": 201, "duration": 0.1273436}
2026-03-09T19:47:52.433+0800	[31mERROR[0m	http/server.go:2286	Failed , invalid email type!	{"request_id": "5b52e3cb-ad87-41bb-9a13-e9528ce4f25b", "client_ip": "[::1]:64599"}
2026-03-09T19:47:52.436+0800	[34mINFO[0m	http/server.go:2286	HTTP Request completed	{"method": "POST", "path": "/api/v1/register", "ip": "[::1]:64599", "status": 400, "duration": 0.0032954}
2026-03-09T19:48:01.765+0800	[34mINFO[0m	http/server.go:2286	HTTP Request completed	{"method": "POST", "path": "/api/v1/register", "ip": "[::1]:64599", "status": 201, "duration": 0.1252167}
2026-03-09T19:48:55.605+0800	[31mERROR[0m	http/server.go:2286	Failed to decode the payload data	{"request_id": "3ba3ad73-e364-4455-8976-b996b64e2d4c", "client_ip": "[::1]:64599"}
2026-03-09T19:48:55.611+0800	[34mINFO[0m	http/server.go:2286	HTTP Request completed	{"method": "POST", "path": "/api/v1/login", "ip": "[::1]:64599", "status": 400, "duration": 0.0063835}
2026-03-09T19:49:03.832+0800	[34mINFO[0m	http/server.go:2286	HTTP Request completed	{"method": "POST", "path": "/api/v1/login", "ip": "[::1]:64599", "status": 200, "duration": 0.1347939}
2026-03-09T19:50:08.733+0800	[34mINFO[0m	http/server.go:2286	HTTP Request completed	{"method": "POST", "path": "/api/v1/login", "ip": "[::1]:52662", "status": 200, "duration": 0.1365057}
2026-03-09T19:51:33.963+0800	[34mINFO[0m	http/server.go:2286	HTTP Request completed	{"method": "POST", "path": "/api/v1/login", "ip": "[::1]:52149", "status": 200, "duration": 0.2824425}
2026-03-09T19:52:47.646+0800	[34mINFO[0m	http/server.go:2286	HTTP Request completed	{"method": "POST", "path": "/api/v1/login", "ip": "[::1]:63808", "status": 200, "duration": 0.1408358}
2026-03-09T19:53:40.106+0800	[34mINFO[0m	runtime/proc.go:290	Shutting down server...
2026-03-09T19:53:40.106+0800	[31mERROR[0m	runtime/asm_amd64.s:1771	Server error	{"error": "http: Server closed"}
2026-03-09T19:53:40.107+0800	[34mINFO[0m	runtime/proc.go:290	Server exited properly
2026-03-09T19:53:40.107+0800	[34mINFO[0m	cmd/main.go:108	Closing database connection...
2026-03-09T20:54:17.327+0800	[34mINFO[0m	runtime/proc.go:290	Starting application...
2026-03-09T20:54:17.355+0800	[34mINFO[0m	runtime/proc.go:290	Connecting to PostgreSQL database...
2026-03-09T20:54:17.523+0800	[34mINFO[0m	runtime/proc.go:290	Database connected successfully	{"database": "School-manajement"}
2026-03-09T20:54:17.523+0800	[34mINFO[0m	runtime/asm_amd64.s:1771	Starting server	{"port": ":8080"}
2026-03-09T20:55:18.656+0800	[34mINFO[0m	runtime/proc.go:290	Shutting down server...
2026-03-09T20:55:18.659+0800	[31mERROR[0m	runtime/asm_amd64.s:1771	Server error	{"error": "http: Server closed"}
2026-03-09T20:55:18.659+0800	[34mINFO[0m	runtime/proc.go:290	Server exited properly
2026-03-09T20:55:18.659+0800	[34mINFO[0m	cmd/main.go:108	Closing database connection...
2026-03-09T20:55:23.445+0800	[34mINFO[0m	runtime/proc.go:290	Starting application...
2026-03-09T20:55:23.481+0800	[34mINFO[0m	runtime/proc.go:290	Connecting to PostgreSQL database...
2026-03-09T20:55:23.642+0800	[34mINFO[0m	runtime/proc.go:290	Database connected successfully	{"database": "School-manajement"}
2026-03-09T20:55:23.642+0800	[34mINFO[0m	runtime/asm_amd64.s:1771	Starting server	{"port": ":8080"}
2026-03-09T20:56:14.013+0800	[34mINFO[0m	http/server.go:2286	HTTP Request completed	{"method": "POST", "path": "/api/v1/register", "ip": "[::1]:61918", "status": 201, "duration": 0.1315034}
2026-03-09T20:56:47.695+0800	[34mINFO[0m	http/server.go:2286	HTTP Request completed	{"method": "POST", "path": "/api/v1/register", "ip": "[::1]:61918", "status": 201, "duration": 0.1231498}
2026-03-09T20:57:19.664+0800	[34mINFO[0m	http/server.go:2286	HTTP Request completed	{"method": "POST", "path": "/api/v1/register", "ip": "[::1]:61918", "status": 201, "duration": 0.1280852}
2026-03-09T20:57:46.793+0800	[34mINFO[0m	http/server.go:2286	HTTP Request completed	{"method": "POST", "path": "/api/v1/register", "ip": "[::1]:61918", "status": 201, "duration": 0.1382713}
2026-03-09T21:02:41.545+0800	[34mINFO[0m	http/server.go:2286	HTTP Request completed	{"method": "POST", "path": "/api/v1/register", "ip": "[::1]:50816", "status": 201, "duration": 0.6799934}
2026-03-09T21:03:38.011+0800	[34mINFO[0m	http/server.go:2286	HTTP Request completed	{"method": "POST", "path": "/api/v1/login", "ip": "[::1]:50816", "status": 200, "duration": 0.1938057}
2026-03-09T21:04:36.389+0800	[34mINFO[0m	http/server.go:2286	HTTP Request completed	{"method": "POST", "path": "/api/v1/login", "ip": "[::1]:50816", "status": 200, "duration": 0.1386178}
2026-03-09T21:05:17.141+0800	[34mINFO[0m	http/server.go:2286	HTTP Request completed	{"method": "POST", "path": "/api/v1/login", "ip": "[::1]:50816", "status": 400, "duration": 0.004687}
2026-03-09T21:05:44.265+0800	[34mINFO[0m	http/server.go:2286	HTTP Request completed	{"method": "POST", "path": "/api/v1/login", "ip": "[::1]:50816", "status": 200, "duration": 0.200668}
2026-03-09T21:06:24.340+0800	[34mINFO[0m	http/server.go:2286	HTTP Request completed	{"method": "POST", "path": "/api/v1/login", "ip": "[::1]:50816", "status": 200, "duration": 0.0631381}
2026-03-09T21:07:18.100+0800	[34mINFO[0m	http/server.go:2286	HTTP Request completed	{"method": "POST", "path": "/api/v1/login", "ip": "[::1]:50816", "status": 200, "duration": 0.1697814}
2026-03-09T21:08:54.848+0800	[34mINFO[0m	runtime/proc.go:290	Shutting down server...
2026-03-09T21:08:54.848+0800	[31mERROR[0m	runtime/asm_amd64.s:1771	Server error	{"error": "http: Server closed"}
2026-03-09T21:08:54.848+0800	[34mINFO[0m	runtime/proc.go:290	Server exited properly
2026-03-09T21:08:54.849+0800	[34mINFO[0m	cmd/main.go:108	Closing database connection...
2026-03-09T21:10:33.892+0800	[34mINFO[0m	runtime/proc.go:290	Starting application...
2026-03-09T21:10:33.912+0800	[34mINFO[0m	runtime/proc.go:290	Connecting to PostgreSQL database...
2026-03-09T21:10:34.051+0800	[34mINFO[0m	runtime/proc.go:290	Database connected successfully	{"database": "School-manajement"}
2026-03-09T21:10:34.052+0800	[34mINFO[0m	runtime/asm_amd64.s:1771	Starting server	{"port": ":8080"}
2026-03-09T21:11:21.625+0800	[34mINFO[0m	runtime/proc.go:290	Shutting down server...
2026-03-09T21:11:21.625+0800	[31mERROR[0m	runtime/asm_amd64.s:1771	Server error	{"error": "http: Server closed"}
2026-03-09T21:11:21.625+0800	[34mINFO[0m	runtime/proc.go:290	Server exited properly
2026-03-09T21:11:21.626+0800	[34mINFO[0m	cmd/main.go:108	Closing database connection...
2026-03-09T21:11:31.381+0800	[34mINFO[0m	runtime/proc.go:290	Starting application...
2026-03-09T21:11:31.400+0800	[34mINFO[0m	runtime/proc.go:290	Connecting to PostgreSQL database...
2026-03-09T21:11:31.526+0800	[34mINFO[0m	runtime/proc.go:290	Database connected successfully	{"database": "School-manajement"}
2026-03-09T21:11:31.526+0800	[34mINFO[0m	runtime/asm_amd64.s:1771	Starting server	{"port": ":8080"}
2026-03-09T21:11:42.184+0800	[33mWARN[0m	http/server.go:2286	Token validation failed	{"request_id": "1d3c8ab0-0304-4d1a-956c-2ade7fb01dff", "client_ip": "[::1]:62631", "error": "token is malformed: token contains an invalid number of segments"}
2026-03-09T21:11:42.184+0800	[34mINFO[0m	http/server.go:2286	HTTP Request completed	{"method": "POST", "path": "/api/v1/student", "ip": "[::1]:62631", "status": 400, "duration": 0.0005488}
2026-03-09T21:12:11.215+0800	[34mINFO[0m	runtime/proc.go:290	Shutting down server...
2026-03-09T21:12:11.216+0800	[31mERROR[0m	runtime/asm_amd64.s:1771	Server error	{"error": "http: Server closed"}
2026-03-09T21:12:11.216+0800	[34mINFO[0m	runtime/proc.go:290	Server exited properly
2026-03-09T21:12:11.216+0800	[34mINFO[0m	cmd/main.go:108	Closing database connection...
2026-03-09T21:13:13.832+0800	[34mINFO[0m	runtime/proc.go:290	Starting application...
2026-03-09T21:13:13.851+0800	[34mINFO[0m	runtime/proc.go:290	Connecting to PostgreSQL database...
2026-03-09T21:13:14.088+0800	[34mINFO[0m	runtime/proc.go:290	Database connected successfully	{"database": "School-manajement"}
2026-03-09T21:13:14.088+0800	[34mINFO[0m	runtime/asm_amd64.s:1771	Starting server	{"port": ":8080"}
2026-03-09T21:13:18.438+0800	[34mINFO[0m	http/server.go:2286	HTTP Request completed	{"method": "POST", "path": "/api/v1/login", "ip": "[::1]:64265", "status": 200, "duration": 0.0672618}
2026-03-09T21:13:31.106+0800	[31mERROR[0m	http/server.go:2286	Failed to decode the data payloads of student register struct!	{"request_id": "8719fbf0-dfad-4a1a-83cc-037141f18ac0", "client_ip": "[::1]:64265"}
2026-03-09T21:13:31.106+0800	[34mINFO[0m	http/server.go:2286	HTTP Request completed	{"method": "POST", "path": "/api/v1/student", "ip": "[::1]:64265", "status": 400, "duration": 0.0003161}
2026-03-09T21:14:22.666+0800	[34mINFO[0m	runtime/proc.go:290	Shutting down server...
2026-03-09T21:14:22.666+0800	[31mERROR[0m	runtime/asm_amd64.s:1771	Server error	{"error": "http: Server closed"}
2026-03-09T21:14:22.667+0800	[34mINFO[0m	runtime/proc.go:290	Server exited properly
2026-03-09T21:14:22.667+0800	[34mINFO[0m	cmd/main.go:108	Closing database connection...
2026-03-09T21:14:32.493+0800	[34mINFO[0m	runtime/proc.go:290	Starting application...
2026-03-09T21:14:32.511+0800	[34mINFO[0m	runtime/proc.go:290	Connecting to PostgreSQL database...
2026-03-09T21:14:32.679+0800	[34mINFO[0m	runtime/proc.go:290	Database connected successfully	{"database": "School-manajement"}
2026-03-09T21:14:32.679+0800	[34mINFO[0m	runtime/asm_amd64.s:1771	Starting server	{"port": ":8080"}
2026-03-09T21:14:39.258+0800	[31mERROR[0m	http/server.go:2286	Failed to create a new students for a user!	{"request_id": "7ebad21c-0861-48de-8b63-71a140f9d6fa", "client_ip": "[::1]:52843"}
2026-03-09T21:14:39.258+0800	[34mINFO[0m	http/server.go:2286	HTTP Request completed	{"method": "POST", "path": "/api/v1/student", "ip": "[::1]:52843", "status": 400, "duration": 0.0007549}
2026-03-09T21:15:21.654+0800	[34mINFO[0m	runtime/proc.go:290	Shutting down server...
2026-03-09T21:15:21.660+0800	[31mERROR[0m	runtime/asm_amd64.s:1771	Server error	{"error": "http: Server closed"}
2026-03-09T21:15:21.661+0800	[34mINFO[0m	runtime/proc.go:290	Server exited properly
2026-03-09T21:15:21.661+0800	[34mINFO[0m	cmd/main.go:108	Closing database connection...
2026-03-09T21:15:32.970+0800	[34mINFO[0m	runtime/proc.go:290	Starting application...
2026-03-09T21:15:32.989+0800	[34mINFO[0m	runtime/proc.go:290	Connecting to PostgreSQL database...
2026-03-09T21:15:33.120+0800	[34mINFO[0m	runtime/proc.go:290	Database connected successfully	{"database": "School-manajement"}
2026-03-09T21:15:33.125+0800	[34mINFO[0m	runtime/asm_amd64.s:1771	Starting server	{"port": ":8080"}
2026-03-09T21:15:37.355+0800	[31mERROR[0m	http/server.go:2286	Failed to create a new students for a user!	{"request_id": "7c4b32f7-d56f-44f9-a77c-d27bf02ad814", "client_ip": "[::1]:52852"}
2026-03-09T21:15:37.355+0800	[34mINFO[0m	http/server.go:2286	HTTP Request completed	{"method": "POST", "path": "/api/v1/student", "ip": "[::1]:52852", "status": 400, "duration": 0}
2026-03-09T21:15:51.134+0800	[34mINFO[0m	runtime/proc.go:290	Shutting down server...
2026-03-09T21:15:51.134+0800	[31mERROR[0m	runtime/asm_amd64.s:1771	Server error	{"error": "http: Server closed"}
2026-03-09T21:15:51.134+0800	[34mINFO[0m	runtime/proc.go:290	Server exited properly
2026-03-09T21:15:51.134+0800	[34mINFO[0m	cmd/main.go:108	Closing database connection...
2026-03-09T21:16:00.072+0800	[34mINFO[0m	runtime/proc.go:290	Starting application...
2026-03-09T21:16:00.089+0800	[34mINFO[0m	runtime/proc.go:290	Connecting to PostgreSQL database...
2026-03-09T21:16:00.234+0800	[34mINFO[0m	runtime/proc.go:290	Database connected successfully	{"database": "School-manajement"}
2026-03-09T21:16:00.234+0800	[34mINFO[0m	runtime/asm_amd64.s:1771	Starting server	{"port": ":8080"}
2026-03-09T21:16:29.320+0800	[31mERROR[0m	http/server.go:2286	Failed to create a new students for a user!	{"request_id": "f0549bc4-7ba9-4b2b-86cf-a9dda68a5e5f", "client_ip": "[::1]:52858"}
2026-03-09T21:16:29.322+0800	[34mINFO[0m	http/server.go:2286	HTTP Request completed	{"method": "POST", "path": "/api/v1/student", "ip": "[::1]:52858", "status": 400, "duration": 0.0187891}
2026-03-09T21:17:35.773+0800	[34mINFO[0m	runtime/proc.go:290	Shutting down server...
2026-03-09T21:17:35.773+0800	[31mERROR[0m	runtime/asm_amd64.s:1771	Server error	{"error": "http: Server closed"}
2026-03-09T21:17:35.773+0800	[34mINFO[0m	runtime/proc.go:290	Server exited properly
2026-03-09T21:17:35.773+0800	[34mINFO[0m	cmd/main.go:108	Closing database connection...
2026-03-09T21:17:52.158+0800	[34mINFO[0m	runtime/proc.go:290	Starting application...
2026-03-09T21:17:52.177+0800	[34mINFO[0m	runtime/proc.go:290	Connecting to PostgreSQL database...
2026-03-09T21:17:52.306+0800	[34mINFO[0m	runtime/proc.go:290	Database connected successfully	{"database": "School-manajement"}
2026-03-09T21:17:52.306+0800	[34mINFO[0m	runtime/asm_amd64.s:1771	Starting server	{"port": ":8080"}
2026-03-09T21:17:56.575+0800	[31mERROR[0m	http/server.go:2286	Failed to create a new students for a user!	{"request_id": "429655f8-9299-4b97-97f0-66113066f7e8", "client_ip": "[::1]:52874"}
2026-03-09T21:17:56.575+0800	[34mINFO[0m	http/server.go:2286	HTTP Request completed	{"method": "POST", "path": "/api/v1/student", "ip": "[::1]:52874", "status": 400, "duration": 0.0016289}
2026-03-09T21:19:32.020+0800	[34mINFO[0m	runtime/proc.go:290	Shutting down server...
2026-03-09T21:19:32.022+0800	[31mERROR[0m	runtime/asm_amd64.s:1771	Server error	{"error": "http: Server closed"}
2026-03-09T21:19:32.022+0800	[34mINFO[0m	runtime/proc.go:290	Server exited properly
2026-03-09T21:19:32.026+0800	[34mINFO[0m	cmd/main.go:108	Closing database connection...
2026-03-09T21:19:51.373+0800	[34mINFO[0m	runtime/proc.go:290	Starting application...
2026-03-09T21:19:51.395+0800	[34mINFO[0m	runtime/proc.go:290	Connecting to PostgreSQL database...
2026-03-09T21:19:51.530+0800	[34mINFO[0m	runtime/proc.go:290	Database connected successfully	{"database": "School-manajement"}
2026-03-09T21:19:51.530+0800	[34mINFO[0m	runtime/asm_amd64.s:1771	Starting server	{"port": ":8080"}
2026-03-09T21:20:01.717+0800	[31mERROR[0m	http/server.go:2286	Failed to create a new students for a user!	{"request_id": "a2e8292b-d3e7-4bac-84c5-e1216cafffe1", "client_ip": "[::1]:53622"}
2026-03-09T21:20:01.718+0800	[34mINFO[0m	http/server.go:2286	HTTP Request completed	{"method": "POST", "path": "/api/v1/student", "ip": "[::1]:53622", "status": 400, "duration": 0.0048866}
2026-03-09T21:21:00.707+0800	[34mINFO[0m	runtime/proc.go:290	Shutting down server...
2026-03-09T21:21:00.707+0800	[31mERROR[0m	runtime/asm_amd64.s:1771	Server error	{"error": "http: Server closed"}
2026-03-09T21:21:00.707+0800	[34mINFO[0m	runtime/proc.go:290	Server exited properly
2026-03-09T21:21:00.707+0800	[34mINFO[0m	cmd/main.go:108	Closing database connection...
2026-03-09T21:21:09.790+0800	[34mINFO[0m	runtime/proc.go:290	Starting application...
2026-03-09T21:21:09.807+0800	[34mINFO[0m	runtime/proc.go:290	Connecting to PostgreSQL database...
2026-03-09T21:21:09.953+0800	[34mINFO[0m	runtime/proc.go:290	Database connected successfully	{"database": "School-manajement"}
2026-03-09T21:21:09.953+0800	[34mINFO[0m	runtime/asm_amd64.s:1771	Starting server	{"port": ":8080"}
2026-03-09T21:21:14.621+0800	[31mERROR[0m	http/server.go:2286	Failed to create a new students for a user!	{"request_id": "61b153ce-f55c-4426-817c-416b211717e0", "client_ip": "[::1]:56075"}
2026-03-09T21:21:14.621+0800	[34mINFO[0m	http/server.go:2286	HTTP Request completed	{"method": "POST", "path": "/api/v1/student", "ip": "[::1]:56075", "status": 400, "duration": 0.0016286}
2026-03-09T21:21:29.886+0800	[34mINFO[0m	runtime/proc.go:290	Shutting down server...
2026-03-09T21:21:29.886+0800	[31mERROR[0m	runtime/asm_amd64.s:1771	Server error	{"error": "http: Server closed"}
2026-03-09T21:21:29.886+0800	[34mINFO[0m	runtime/proc.go:290	Server exited properly
2026-03-09T21:21:29.886+0800	[34mINFO[0m	cmd/main.go:108	Closing database connection...
2026-03-09T21:21:39.200+0800	[34mINFO[0m	runtime/proc.go:290	Starting application...
2026-03-09T21:21:39.218+0800	[34mINFO[0m	runtime/proc.go:290	Connecting to PostgreSQL database...
2026-03-09T21:21:39.356+0800	[34mINFO[0m	runtime/proc.go:290	Database connected successfully	{"database": "School-manajement"}
2026-03-09T21:21:39.356+0800	[34mINFO[0m	runtime/asm_amd64.s:1771	Starting server	{"port": ":8080"}
2026-03-09T21:21:42.615+0800	[31mERROR[0m	http/server.go:2286	Failed to create a new students for a user!	{"request_id": "6c8b5c23-1b60-41b8-81f0-5a4db5f2d0cf", "client_ip": "[::1]:56082"}
2026-03-09T21:21:42.615+0800	[34mINFO[0m	http/server.go:2286	HTTP Request completed	{"method": "POST", "path": "/api/v1/student", "ip": "[::1]:56082", "status": 400, "duration": 0.0020087}
2026-03-09T21:22:53.713+0800	[34mINFO[0m	runtime/proc.go:290	Shutting down server...
2026-03-09T21:22:53.714+0800	[31mERROR[0m	runtime/asm_amd64.s:1771	Server error	{"error": "http: Server closed"}
2026-03-09T21:22:53.714+0800	[34mINFO[0m	runtime/proc.go:290	Server exited properly
2026-03-09T21:22:53.714+0800	[34mINFO[0m	cmd/main.go:108	Closing database connection...
2026-03-09T21:25:19.821+0800	[34mINFO[0m	runtime/proc.go:290	Starting application...
2026-03-09T21:25:19.839+0800	[34mINFO[0m	runtime/proc.go:290	Connecting to PostgreSQL database...
2026-03-09T21:25:20.001+0800	[34mINFO[0m	runtime/proc.go:290	Database connected successfully	{"database": "School-manajement"}
2026-03-09T21:25:20.001+0800	[34mINFO[0m	runtime/asm_amd64.s:1771	Starting server	{"port": ":8080"}
2026-03-09T21:25:24.334+0800	[31mERROR[0m	http/server.go:2286	Failed to create a new students for a user!	{"request_id": "6f23984a-661c-4783-a389-455a30de3d4b", "client_ip": "[::1]:50253"}
2026-03-09T21:25:24.335+0800	[34mINFO[0m	http/server.go:2286	HTTP Request completed	{"method": "POST", "path": "/api/v1/student", "ip": "[::1]:50253", "status": 400, "duration": 0.0028945}
2026-03-09T21:28:20.017+0800	[34mINFO[0m	runtime/proc.go:290	Shutting down server...
2026-03-09T21:28:20.018+0800	[31mERROR[0m	runtime/asm_amd64.s:1771	Server error	{"error": "http: Server closed"}
2026-03-09T21:28:20.018+0800	[34mINFO[0m	runtime/proc.go:290	Server exited properly
2026-03-09T21:28:20.018+0800	[34mINFO[0m	cmd/main.go:108	Closing database connection...
2026-03-09T21:28:32.571+0800	[34mINFO[0m	runtime/proc.go:290	Starting application...
2026-03-09T21:28:32.591+0800	[34mINFO[0m	runtime/proc.go:290	Connecting to PostgreSQL database...
2026-03-09T21:28:32.720+0800	[34mINFO[0m	runtime/proc.go:290	Database connected successfully	{"database": "School-manajement"}
2026-03-09T21:28:32.720+0800	[34mINFO[0m	runtime/asm_amd64.s:1771	Starting server	{"port": ":8080"}
2026-03-09T21:28:37.106+0800	[34mINFO[0m	http/server.go:2286	HTTP Request completed	{"method": "POST", "path": "/api/v1/student", "ip": "[::1]:60630", "status": 201, "duration": 0.0047858}
